0 info it worked if it ends with ok
1 verbose cli [ 'node', '/usr/local/bin/npm', 'install', 'ionic-google-place' ]
2 info using npm@1.4.14
3 info using node@v0.10.29
4 warn package.json ionic-project@1.0.0 No repository field.
5 verbose readDependencies using package.json deps
6 verbose cache add [ 'ionic-google-place', null ]
7 verbose cache add name=undefined spec="ionic-google-place" args=["ionic-google-place",null]
8 verbose parsed url { protocol: null,
8 verbose parsed url   slashes: null,
8 verbose parsed url   auth: null,
8 verbose parsed url   host: null,
8 verbose parsed url   port: null,
8 verbose parsed url   hostname: null,
8 verbose parsed url   hash: null,
8 verbose parsed url   search: null,
8 verbose parsed url   query: null,
8 verbose parsed url   pathname: 'ionic-google-place',
8 verbose parsed url   path: 'ionic-google-place',
8 verbose parsed url   href: 'ionic-google-place' }
9 silly lockFile 74e68703-ionic-google-place ionic-google-place
10 verbose lock ionic-google-place /Users/sheetalparanjpe/.npm/74e68703-ionic-google-place.lock
11 silly lockFile 74e68703-ionic-google-place ionic-google-place
12 silly lockFile 74e68703-ionic-google-place ionic-google-place
13 verbose addNamed [ 'ionic-google-place', '' ]
14 verbose addNamed [ null, '*' ]
15 silly lockFile 56937619-ionic-google-place ionic-google-place@
16 verbose lock ionic-google-place@ /Users/sheetalparanjpe/.npm/56937619-ionic-google-place.lock
17 silly addNameRange { name: 'ionic-google-place', range: '*', hasData: false }
18 verbose url raw ionic-google-place
19 verbose url resolving [ 'https://registry.npmjs.org/', './ionic-google-place' ]
20 verbose url resolved https://registry.npmjs.org/ionic-google-place
21 info trying registry request attempt 1 at 00:02:10
22 http GET https://registry.npmjs.org/ionic-google-place
23 http 404 https://registry.npmjs.org/ionic-google-place
24 verbose headers { date: 'Sat, 26 Jul 2014 07:02:10 GMT',
24 verbose headers   server: 'CouchDB/1.5.0 (Erlang OTP/R16B03)',
24 verbose headers   'content-type': 'application/json',
24 verbose headers   'cache-control': 'max-age=0',
24 verbose headers   'content-length': '52',
24 verbose headers   'accept-ranges': 'bytes',
24 verbose headers   via: '1.1 varnish',
24 verbose headers   age: '0',
24 verbose headers   'x-served-by': 'cache-lax1430-LAX',
24 verbose headers   'x-cache': 'MISS',
24 verbose headers   'x-cache-hits': '0',
24 verbose headers   'x-timer': 'S1406358130.121422,VS0,VE76',
24 verbose headers   'keep-alive': 'timeout=10, max=50',
24 verbose headers   connection: 'Keep-Alive' }
25 silly registry.get cb [ 404,
25 silly registry.get   { date: 'Sat, 26 Jul 2014 07:02:10 GMT',
25 silly registry.get     server: 'CouchDB/1.5.0 (Erlang OTP/R16B03)',
25 silly registry.get     'content-type': 'application/json',
25 silly registry.get     'cache-control': 'max-age=0',
25 silly registry.get     'content-length': '52',
25 silly registry.get     'accept-ranges': 'bytes',
25 silly registry.get     via: '1.1 varnish',
25 silly registry.get     age: '0',
25 silly registry.get     'x-served-by': 'cache-lax1430-LAX',
25 silly registry.get     'x-cache': 'MISS',
25 silly registry.get     'x-cache-hits': '0',
25 silly registry.get     'x-timer': 'S1406358130.121422,VS0,VE76',
25 silly registry.get     'keep-alive': 'timeout=10, max=50',
25 silly registry.get     connection: 'Keep-Alive' } ]
26 silly lockFile 56937619-ionic-google-place ionic-google-place@
27 silly lockFile 56937619-ionic-google-place ionic-google-place@
28 error 404 404 Not Found: ionic-google-place
28 error 404
28 error 404 'ionic-google-place' is not in the npm registry.
28 error 404 You should bug the author to publish it
28 error 404 It was specified as a dependency of 'ionic-project'
28 error 404
28 error 404 Note that you can also install from a
28 error 404 tarball, folder, or http url, or git url.
29 error System Darwin 13.3.0
30 error command "node" "/usr/local/bin/npm" "install" "ionic-google-place"
31 error cwd /Users/sheetalparanjpe/mvp/carpoolApp
32 error node -v v0.10.29
33 error npm -v 1.4.14
34 error code E404
35 verbose exit [ 1, true ]
